<?xml version="1.0" encoding="UTF-8"?>
<testng-results ignored="0" total="1" passed="1" failed="0" skipped="0">
  <reporter-output>
  </reporter-output>
  <suite started-at="2020-02-13T10:34:15 IST" name="Default suite" finished-at="2020-02-13T10:35:06 IST" duration-ms="51051">
    <groups>
    </groups>
    <test started-at="2020-02-13T10:34:15 IST" name="Default test" finished-at="2020-02-13T10:35:06 IST" duration-ms="51051">
      <class name="ihub.testcasefails">
        <test-method signature="f()[pri:0, instance:ihub.testcasefails@6b419da]" started-at="2020-02-13T10:34:15 IST" name="f" finished-at="2020-02-13T10:35:06 IST" duration-ms="50994" status="PASS">
          <reporter-output>
          </reporter-output>
        </test-method> <!-- f -->
      </class> <!-- ihub.testcasefails -->
    </test> <!-- Default test -->
  </suite> <!-- Default suite -->
</testng-results>
